<?xml version="1.0" encoding="utf-8"?><testsuites name="pytest tests"><testsuite name="pytest" errors="0" failures="0" skipped="0" tests="6" time="1.192" timestamp="2026-06-07T16:10:54.679397+00:00" hostname="agent-env-a30db6fa-62b0-40f1-86ea-cd598c1891da"><testcase classname="backend.tests.test_shim.TestRoot" name="test_root_ok" time="0.205" /><testcase classname="backend.tests.test_shim.TestAgentRun" name="test_agent_run_returns_text_or_error" time="0.194" /><testcase classname="backend.tests.test_shim.TestAgentRun" name="test_agent_run_missing_user_returns_400" time="0.047" /><testcase classname="backend.tests.test_shim.TestCopilotSSE" name="test_copilot_emits_sse" time="0.240" /><testcase classname="backend.tests.test_shim.TestCopilotSSE" name="test_copilot_alias_stream" time="0.210" /><testcase classname="backend.tests.test_shim.TestCopilotSSE" name="test_copilot_missing_message_returns_400" time="0.044" /></testsuite></testsuites>