<?xml version="1.0" encoding="utf-8"?><testsuites name="pytest tests"><testsuite name="pytest" errors="0" failures="0" skipped="0" tests="39" time="6.342" timestamp="2026-06-07T12:28:31.623904+00:00" hostname="agent-env-a30db6fa-62b0-40f1-86ea-cd598c1891da"><testcase classname="backend.tests.backend_test.TestHealth" name="test_root" time="0.129" /><testcase classname="backend.tests.backend_test.TestPublicContent" name="test_list_endpoint_returns_items[services]" time="0.043" /><testcase classname="backend.tests.backend_test.TestPublicContent" name="test_list_endpoint_returns_items[solutions]" time="0.045" /><testcase classname="backend.tests.backend_test.TestPublicContent" name="test_list_endpoint_returns_items[industries]" time="0.043" /><testcase classname="backend.tests.backend_test.TestPublicContent" name="test_list_endpoint_returns_items[projects]" time="0.045" /><testcase classname="backend.tests.backend_test.TestPublicContent" name="test_list_endpoint_returns_items[case-studies]" time="0.043" /><testcase classname="backend.tests.backend_test.TestPublicContent" name="test_list_endpoint_returns_items[blog]" time="0.045" /><testcase classname="backend.tests.backend_test.TestPublicContent" name="test_list_endpoint_returns_items[resources]" time="0.043" /><testcase classname="backend.tests.backend_test.TestPublicContent" name="test_detail_endpoint_increments_views[projects/northwind-agency-os]" time="0.093" /><testcase classname="backend.tests.backend_test.TestPublicContent" name="test_detail_endpoint_increments_views[case-studies/how-northwind-cut-delivery-time-by-38]" time="0.090" /><testcase classname="backend.tests.backend_test.TestPublicContent" name="test_detail_endpoint_increments_views[blog/the-founder-os-what-it-is-and-why-every-operator-needs-one]" time="0.087" /><testcase classname="backend.tests.backend_test.TestAuth" name="test_register_duplicate_returns_409" time="0.310" /><testcase classname="backend.tests.backend_test.TestAuth" name="test_founder_login_returns_founder_role" time="0.264" /><testcase classname="backend.tests.backend_test.TestAuth" name="test_user_login_returns_user_role" time="0.265" /><testcase classname="backend.tests.backend_test.TestAuth" name="test_me_with_token" time="0.044" /><testcase classname="backend.tests.backend_test.TestAuth" name="test_me_without_token_401" time="0.042" /><testcase classname="backend.tests.backend_test.TestSocial" name="test_like_toggle_anonymous" time="0.087" /><testcase classname="backend.tests.backend_test.TestSocial" name="test_social_stats" time="0.046" /><testcase classname="backend.tests.backend_test.TestSocial" name="test_bookmark_requires_auth" time="0.044" /><testcase classname="backend.tests.backend_test.TestSocial" name="test_bookmark_toggle_with_token" time="0.091" /><testcase classname="backend.tests.backend_test.TestSocial" name="test_comment_requires_auth" time="0.082" /><testcase classname="backend.tests.backend_test.TestSocial" name="test_comment_create_and_list" time="0.088" /><testcase classname="backend.tests.backend_test.TestLeads" name="test_create_lead_no_auth" time="0.043" /><testcase classname="backend.tests.backend_test.TestLeads" name="test_admin_leads_requires_founder" time="0.045" /><testcase classname="backend.tests.backend_test.TestLeads" name="test_admin_leads_with_founder" time="0.314" /><testcase classname="backend.tests.backend_test.TestLeads" name="test_admin_leads_user_token_forbidden" time="0.043" /><testcase classname="backend.tests.backend_test.TestLeads" name="test_admin_update_lead_status" time="0.177" /><testcase classname="backend.tests.backend_test.TestMessages" name="test_user_send_and_list" time="0.128" /><testcase classname="backend.tests.backend_test.TestMessages" name="test_founder_grouped_threads" time="0.043" /><testcase classname="backend.tests.backend_test.TestFounderCMS" name="test_blog_crud" time="0.150" /><testcase classname="backend.tests.backend_test.TestFounderCMS" name="test_projects_crud" time="0.175" /><testcase classname="backend.tests.backend_test.TestFounderOps" name="test_overview" time="0.046" /><testcase classname="backend.tests.backend_test.TestFounderOps" name="test_analytics" time="0.071" /><testcase classname="backend.tests.backend_test.TestFounderOps" name="test_command_show_leads" time="0.043" /><testcase classname="backend.tests.backend_test.TestFounderOps" name="test_command_show_analytics" time="0.063" /><testcase classname="backend.tests.backend_test.TestCopilot" name="test_copilot_stream_sse" time="2.689" /><testcase classname="backend.tests.backend_test.TestCommunity" name="test_list_no_auth" time="0.045" /><testcase classname="backend.tests.backend_test.TestCommunity" name="test_post_requires_auth" time="0.041" /><testcase classname="backend.tests.backend_test.TestCommunity" name="test_post_with_token" time="0.043" /></testsuite></testsuites>